<?xml version="1.0" encoding="UTF-8"?>
<testsuite xmlns:xsi="http://www.w3.org/2001/XMLSchema-instance" xsi:noNamespaceSchemaLocation="https://maven.apache.org/surefire/maven-surefire-plugin/xsd/surefire-test-report.xsd" name="com.z.admin.ZAdminApplicationTests" time="3.524" tests="1" errors="0" skipped="0" failures="0">
  <properties>
    <property name="gopherProxySet" value="false"/>
    <property name="awt.toolkit" value="sun.lwawt.macosx.LWCToolkit"/>
    <property name="java.specification.version" value="11"/>
    <property name="sun.cpu.isalist" value=""/>
    <property name="sun.jnu.encoding" value="UTF-8"/>
    <property name="java.class.path" value="/Users/java/work/my/z-admin/target/test-classes:/Users/java/work/my/z-admin/target/classes:/Users/java/work/Repository/org/springframework/boot/spring-boot-starter-web/2.5.2/spring-boot-starter-web-2.5.2.jar:/Users/java/work/Repository/org/springframework/boot/spring-boot-starter/2.5.2/spring-boot-starter-2.5.2.jar:/Users/java/work/Repository/org/springframework/boot/spring-boot/2.5.2/spring-boot-2.5.2.jar:/Users/java/work/Repository/org/springframework/boot/spring-boot-starter-logging/2.5.2/spring-boot-starter-logging-2.5.2.jar:/Users/java/work/Repository/ch/qos/logback/logback-classic/1.2.3/logback-classic-1.2.3.jar:/Users/java/work/Repository/ch/qos/logback/logback-core/1.2.3/logback-core-1.2.3.jar:/Users/java/work/Repository/org/apache/logging/log4j/log4j-to-slf4j/2.14.1/log4j-to-slf4j-2.14.1.jar:/Users/java/work/Repository/org/apache/logging/log4j/log4j-api/2.14.1/log4j-api-2.14.1.jar:/Users/java/work/Repository/org/slf4j/jul-to-slf4j/1.7.31/jul-to-slf4j-1.7.31.jar:/Users/java/work/Repository/jakarta/annotation/jakarta.annotation-api/1.3.5/jakarta.annotation-api-1.3.5.jar:/Users/java/work/Repository/org/yaml/snakeyaml/1.28/snakeyaml-1.28.jar:/Users/java/work/Repository/org/springframework/boot/spring-boot-starter-json/2.5.2/spring-boot-starter-json-2.5.2.jar:/Users/java/work/Repository/com/fasterxml/jackson/core/jackson-databind/2.12.3/jackson-databind-2.12.3.jar:/Users/java/work/Repository/com/fasterxml/jackson/core/jackson-annotations/2.12.3/jackson-annotations-2.12.3.jar:/Users/java/work/Repository/com/fasterxml/jackson/core/jackson-core/2.12.3/jackson-core-2.12.3.jar:/Users/java/work/Repository/com/fasterxml/jackson/datatype/jackson-datatype-jdk8/2.12.3/jackson-datatype-jdk8-2.12.3.jar:/Users/java/work/Repository/com/fasterxml/jackson/datatype/jackson-datatype-jsr310/2.12.3/jackson-datatype-jsr310-2.12.3.jar:/Users/java/work/Repository/com/fasterxml/jackson/module/jackson-module-parameter-names/2.12.3/jackson-module-parameter-names-2.12.3.jar:/Users/java/work/Repository/org/springframework/boot/spring-boot-starter-tomcat/2.5.2/spring-boot-starter-tomcat-2.5.2.jar:/Users/java/work/Repository/org/apache/tomcat/embed/tomcat-embed-core/9.0.48/tomcat-embed-core-9.0.48.jar:/Users/java/work/Repository/org/apache/tomcat/embed/tomcat-embed-el/9.0.48/tomcat-embed-el-9.0.48.jar:/Users/java/work/Repository/org/apache/tomcat/embed/tomcat-embed-websocket/9.0.48/tomcat-embed-websocket-9.0.48.jar:/Users/java/work/Repository/org/springframework/spring-web/5.3.8/spring-web-5.3.8.jar:/Users/java/work/Repository/org/springframework/spring-webmvc/5.3.8/spring-webmvc-5.3.8.jar:/Users/java/work/Repository/org/springframework/spring-aop/5.3.8/spring-aop-5.3.8.jar:/Users/java/work/Repository/org/springframework/spring-expression/5.3.8/spring-expression-5.3.8.jar:/Users/java/work/Repository/org/springframework/boot/spring-boot-starter-test/2.5.2/spring-boot-starter-test-2.5.2.jar:/Users/java/work/Repository/org/springframework/boot/spring-boot-test/2.5.2/spring-boot-test-2.5.2.jar:/Users/java/work/Repository/org/springframework/boot/spring-boot-test-autoconfigure/2.5.2/spring-boot-test-autoconfigure-2.5.2.jar:/Users/java/work/Repository/com/jayway/jsonpath/json-path/2.5.0/json-path-2.5.0.jar:/Users/java/work/Repository/net/minidev/json-smart/2.4.7/json-smart-2.4.7.jar:/Users/java/work/Repository/net/minidev/accessors-smart/2.4.7/accessors-smart-2.4.7.jar:/Users/java/work/Repository/org/ow2/asm/asm/9.1/asm-9.1.jar:/Users/java/work/Repository/org/slf4j/slf4j-api/1.7.31/slf4j-api-1.7.31.jar:/Users/java/work/Repository/jakarta/xml/bind/jakarta.xml.bind-api/2.3.3/jakarta.xml.bind-api-2.3.3.jar:/Users/java/work/Repository/jakarta/activation/jakarta.activation-api/1.2.2/jakarta.activation-api-1.2.2.jar:/Users/java/work/Repository/org/assertj/assertj-core/3.19.0/assertj-core-3.19.0.jar:/Users/java/work/Repository/org/hamcrest/hamcrest/2.2/hamcrest-2.2.jar:/Users/java/work/Repository/org/junit/jupiter/junit-jupiter/5.7.2/junit-jupiter-5.7.2.jar:/Users/java/work/Repository/org/junit/jupiter/junit-jupiter-api/5.7.2/junit-jupiter-api-5.7.2.jar:/Users/java/work/Repository/org/apiguardian/apiguardian-api/1.1.0/apiguardian-api-1.1.0.jar:/Users/java/work/Repository/org/opentest4j/opentest4j/1.2.0/opentest4j-1.2.0.jar:/Users/java/work/Repository/org/junit/platform/junit-platform-commons/1.7.2/junit-platform-commons-1.7.2.jar:/Users/java/work/Repository/org/junit/jupiter/junit-jupiter-params/5.7.2/junit-jupiter-params-5.7.2.jar:/Users/java/work/Repository/org/junit/jupiter/junit-jupiter-engine/5.7.2/junit-jupiter-engine-5.7.2.jar:/Users/java/work/Repository/org/junit/platform/junit-platform-engine/1.7.2/junit-platform-engine-1.7.2.jar:/Users/java/work/Repository/org/mockito/mockito-core/3.9.0/mockito-core-3.9.0.jar:/Users/java/work/Repository/net/bytebuddy/byte-buddy/1.10.22/byte-buddy-1.10.22.jar:/Users/java/work/Repository/net/bytebuddy/byte-buddy-agent/1.10.22/byte-buddy-agent-1.10.22.jar:/Users/java/work/Repository/org/objenesis/objenesis/3.2/objenesis-3.2.jar:/Users/java/work/Repository/org/mockito/mockito-junit-jupiter/3.9.0/mockito-junit-jupiter-3.9.0.jar:/Users/java/work/Repository/org/skyscreamer/jsonassert/1.5.0/jsonassert-1.5.0.jar:/Users/java/work/Repository/com/vaadin/external/google/android-json/0.0.20131108.vaadin1/android-json-0.0.20131108.vaadin1.jar:/Users/java/work/Repository/org/springframework/spring-core/5.3.8/spring-core-5.3.8.jar:/Users/java/work/Repository/org/springframework/spring-jcl/5.3.8/spring-jcl-5.3.8.jar:/Users/java/work/Repository/org/springframework/spring-test/5.3.8/spring-test-5.3.8.jar:/Users/java/work/Repository/org/xmlunit/xmlunit-core/2.8.2/xmlunit-core-2.8.2.jar:/Users/java/work/Repository/org/projectlombok/lombok/1.18.24/lombok-1.18.24.jar:/Users/java/work/Repository/com/baomidou/mybatis-plus-boot-starter/3.5.2/mybatis-plus-boot-starter-3.5.2.jar:/Users/java/work/Repository/com/baomidou/mybatis-plus/3.5.2/mybatis-plus-3.5.2.jar:/Users/java/work/Repository/com/baomidou/mybatis-plus-extension/3.5.2/mybatis-plus-extension-3.5.2.jar:/Users/java/work/Repository/com/baomidou/mybatis-plus-core/3.5.2/mybatis-plus-core-3.5.2.jar:/Users/java/work/Repository/com/baomidou/mybatis-plus-annotation/3.5.2/mybatis-plus-annotation-3.5.2.jar:/Users/java/work/Repository/com/github/jsqlparser/jsqlparser/4.4/jsqlparser-4.4.jar:/Users/java/work/Repository/org/mybatis/mybatis/3.5.10/mybatis-3.5.10.jar:/Users/java/work/Repository/org/mybatis/mybatis-spring/2.0.7/mybatis-spring-2.0.7.jar:/Users/java/work/Repository/org/jetbrains/kotlin/kotlin-stdlib-jdk8/1.5.20/kotlin-stdlib-jdk8-1.5.20.jar:/Users/java/work/Repository/org/jetbrains/kotlin/kotlin-stdlib/1.5.20/kotlin-stdlib-1.5.20.jar:/Users/java/work/Repository/org/jetbrains/annotations/13.0/annotations-13.0.jar:/Users/java/work/Repository/org/jetbrains/kotlin/kotlin-stdlib-common/1.5.20/kotlin-stdlib-common-1.5.20.jar:/Users/java/work/Repository/org/jetbrains/kotlin/kotlin-stdlib-jdk7/1.5.20/kotlin-stdlib-jdk7-1.5.20.jar:/Users/java/work/Repository/org/springframework/boot/spring-boot-autoconfigure/2.5.2/spring-boot-autoconfigure-2.5.2.jar:/Users/java/work/Repository/org/springframework/boot/spring-boot-starter-jdbc/2.5.2/spring-boot-starter-jdbc-2.5.2.jar:/Users/java/work/Repository/com/zaxxer/HikariCP/4.0.3/HikariCP-4.0.3.jar:/Users/java/work/Repository/org/springframework/spring-jdbc/5.3.8/spring-jdbc-5.3.8.jar:/Users/java/work/Repository/mysql/mysql-connector-java/8.0.30/mysql-connector-java-8.0.30.jar:/Users/java/work/Repository/org/springframework/security/oauth/spring-security-oauth2/2.5.2.RELEASE/spring-security-oauth2-2.5.2.RELEASE.jar:/Users/java/work/Repository/org/springframework/spring-beans/5.3.8/spring-beans-5.3.8.jar:/Users/java/work/Repository/org/springframework/spring-context/5.3.8/spring-context-5.3.8.jar:/Users/java/work/Repository/org/springframework/security/spring-security-core/5.5.1/spring-security-core-5.5.1.jar:/Users/java/work/Repository/org/springframework/security/spring-security-crypto/5.5.1/spring-security-crypto-5.5.1.jar:/Users/java/work/Repository/org/springframework/security/spring-security-config/5.5.1/spring-security-config-5.5.1.jar:/Users/java/work/Repository/org/springframework/security/spring-security-web/5.5.1/spring-security-web-5.5.1.jar:/Users/java/work/Repository/commons-codec/commons-codec/1.15/commons-codec-1.15.jar:/Users/java/work/Repository/org/springframework/security/spring-security-jwt/1.1.1.RELEASE/spring-security-jwt-1.1.1.RELEASE.jar:/Users/java/work/Repository/org/bouncycastle/bcpkix-jdk15on/1.64/bcpkix-jdk15on-1.64.jar:/Users/java/work/Repository/org/bouncycastle/bcprov-jdk15on/1.64/bcprov-jdk15on-1.64.jar:/Users/java/work/Repository/org/springframework/boot/spring-boot-starter-data-redis/2.5.2/spring-boot-starter-data-redis-2.5.2.jar:/Users/java/work/Repository/org/springframework/data/spring-data-redis/2.5.2/spring-data-redis-2.5.2.jar:/Users/java/work/Repository/org/springframework/data/spring-data-keyvalue/2.5.2/spring-data-keyvalue-2.5.2.jar:/Users/java/work/Repository/org/springframework/data/spring-data-commons/2.5.2/spring-data-commons-2.5.2.jar:/Users/java/work/Repository/org/springframework/spring-tx/5.3.8/spring-tx-5.3.8.jar:/Users/java/work/Repository/org/springframework/spring-oxm/5.3.8/spring-oxm-5.3.8.jar:/Users/java/work/Repository/org/springframework/spring-context-support/5.3.8/spring-context-support-5.3.8.jar:/Users/java/work/Repository/io/lettuce/lettuce-core/6.1.3.RELEASE/lettuce-core-6.1.3.RELEASE.jar:/Users/java/work/Repository/io/netty/netty-common/4.1.65.Final/netty-common-4.1.65.Final.jar:/Users/java/work/Repository/io/netty/netty-handler/4.1.65.Final/netty-handler-4.1.65.Final.jar:/Users/java/work/Repository/io/netty/netty-resolver/4.1.65.Final/netty-resolver-4.1.65.Final.jar:/Users/java/work/Repository/io/netty/netty-buffer/4.1.65.Final/netty-buffer-4.1.65.Final.jar:/Users/java/work/Repository/io/netty/netty-codec/4.1.65.Final/netty-codec-4.1.65.Final.jar:/Users/java/work/Repository/io/netty/netty-transport/4.1.65.Final/netty-transport-4.1.65.Final.jar:/Users/java/work/Repository/io/projectreactor/reactor-core/3.4.7/reactor-core-3.4.7.jar:/Users/java/work/Repository/org/reactivestreams/reactive-streams/1.0.3/reactive-streams-1.0.3.jar:"/>
    <property name="java.vm.vendor" value="Oracle Corporation"/>
    <property name="sun.arch.data.model" value="64"/>
    <property name="java.vendor.url" value="https://openjdk.java.net/"/>
    <property name="user.timezone" value=""/>
    <property name="java.vm.specification.version" value="11"/>
    <property name="os.name" value="Mac OS X"/>
    <property name="sun.java.launcher" value="SUN_STANDARD"/>
    <property name="user.country" value="CN"/>
    <property name="sun.boot.library.path" value="/Users/java/work/jdk-11.0.16.1.jdk/Contents/Home/lib"/>
    <property name="sun.java.command" value="/Users/java/work/my/z-admin/target/surefire/surefirebooter4805458447671420268.jar /Users/java/work/my/z-admin/target/surefire 2022-10-14T17-17-43_751-jvmRun1 surefire8809190387323898243tmp surefire_0446431183645810131tmp"/>
    <property name="jdk.debug" value="release"/>
    <property name="surefire.test.class.path" value="/Users/java/work/my/z-admin/target/test-classes:/Users/java/work/my/z-admin/target/classes:/Users/java/work/Repository/org/springframework/boot/spring-boot-starter-web/2.5.2/spring-boot-starter-web-2.5.2.jar:/Users/java/work/Repository/org/springframework/boot/spring-boot-starter/2.5.2/spring-boot-starter-2.5.2.jar:/Users/java/work/Repository/org/springframework/boot/spring-boot/2.5.2/spring-boot-2.5.2.jar:/Users/java/work/Repository/org/springframework/boot/spring-boot-starter-logging/2.5.2/spring-boot-starter-logging-2.5.2.jar:/Users/java/work/Repository/ch/qos/logback/logback-classic/1.2.3/logback-classic-1.2.3.jar:/Users/java/work/Repository/ch/qos/logback/logback-core/1.2.3/logback-core-1.2.3.jar:/Users/java/work/Repository/org/apache/logging/log4j/log4j-to-slf4j/2.14.1/log4j-to-slf4j-2.14.1.jar:/Users/java/work/Repository/org/apache/logging/log4j/log4j-api/2.14.1/log4j-api-2.14.1.jar:/Users/java/work/Repository/org/slf4j/jul-to-slf4j/1.7.31/jul-to-slf4j-1.7.31.jar:/Users/java/work/Repository/jakarta/annotation/jakarta.annotation-api/1.3.5/jakarta.annotation-api-1.3.5.jar:/Users/java/work/Repository/org/yaml/snakeyaml/1.28/snakeyaml-1.28.jar:/Users/java/work/Repository/org/springframework/boot/spring-boot-starter-json/2.5.2/spring-boot-starter-json-2.5.2.jar:/Users/java/work/Repository/com/fasterxml/jackson/core/jackson-databind/2.12.3/jackson-databind-2.12.3.jar:/Users/java/work/Repository/com/fasterxml/jackson/core/jackson-annotations/2.12.3/jackson-annotations-2.12.3.jar:/Users/java/work/Repository/com/fasterxml/jackson/core/jackson-core/2.12.3/jackson-core-2.12.3.jar:/Users/java/work/Repository/com/fasterxml/jackson/datatype/jackson-datatype-jdk8/2.12.3/jackson-datatype-jdk8-2.12.3.jar:/Users/java/work/Repository/com/fasterxml/jackson/datatype/jackson-datatype-jsr310/2.12.3/jackson-datatype-jsr310-2.12.3.jar:/Users/java/work/Repository/com/fasterxml/jackson/module/jackson-module-parameter-names/2.12.3/jackson-module-parameter-names-2.12.3.jar:/Users/java/work/Repository/org/springframework/boot/spring-boot-starter-tomcat/2.5.2/spring-boot-starter-tomcat-2.5.2.jar:/Users/java/work/Repository/org/apache/tomcat/embed/tomcat-embed-core/9.0.48/tomcat-embed-core-9.0.48.jar:/Users/java/work/Repository/org/apache/tomcat/embed/tomcat-embed-el/9.0.48/tomcat-embed-el-9.0.48.jar:/Users/java/work/Repository/org/apache/tomcat/embed/tomcat-embed-websocket/9.0.48/tomcat-embed-websocket-9.0.48.jar:/Users/java/work/Repository/org/springframework/spring-web/5.3.8/spring-web-5.3.8.jar:/Users/java/work/Repository/org/springframework/spring-webmvc/5.3.8/spring-webmvc-5.3.8.jar:/Users/java/work/Repository/org/springframework/spring-aop/5.3.8/spring-aop-5.3.8.jar:/Users/java/work/Repository/org/springframework/spring-expression/5.3.8/spring-expression-5.3.8.jar:/Users/java/work/Repository/org/springframework/boot/spring-boot-starter-test/2.5.2/spring-boot-starter-test-2.5.2.jar:/Users/java/work/Repository/org/springframework/boot/spring-boot-test/2.5.2/spring-boot-test-2.5.2.jar:/Users/java/work/Repository/org/springframework/boot/spring-boot-test-autoconfigure/2.5.2/spring-boot-test-autoconfigure-2.5.2.jar:/Users/java/work/Repository/com/jayway/jsonpath/json-path/2.5.0/json-path-2.5.0.jar:/Users/java/work/Repository/net/minidev/json-smart/2.4.7/json-smart-2.4.7.jar:/Users/java/work/Repository/net/minidev/accessors-smart/2.4.7/accessors-smart-2.4.7.jar:/Users/java/work/Repository/org/ow2/asm/asm/9.1/asm-9.1.jar:/Users/java/work/Repository/org/slf4j/slf4j-api/1.7.31/slf4j-api-1.7.31.jar:/Users/java/work/Repository/jakarta/xml/bind/jakarta.xml.bind-api/2.3.3/jakarta.xml.bind-api-2.3.3.jar:/Users/java/work/Repository/jakarta/activation/jakarta.activation-api/1.2.2/jakarta.activation-api-1.2.2.jar:/Users/java/work/Repository/org/assertj/assertj-core/3.19.0/assertj-core-3.19.0.jar:/Users/java/work/Repository/org/hamcrest/hamcrest/2.2/hamcrest-2.2.jar:/Users/java/work/Repository/org/junit/jupiter/junit-jupiter/5.7.2/junit-jupiter-5.7.2.jar:/Users/java/work/Repository/org/junit/jupiter/junit-jupiter-api/5.7.2/junit-jupiter-api-5.7.2.jar:/Users/java/work/Repository/org/apiguardian/apiguardian-api/1.1.0/apiguardian-api-1.1.0.jar:/Users/java/work/Repository/org/opentest4j/opentest4j/1.2.0/opentest4j-1.2.0.jar:/Users/java/work/Repository/org/junit/platform/junit-platform-commons/1.7.2/junit-platform-commons-1.7.2.jar:/Users/java/work/Repository/org/junit/jupiter/junit-jupiter-params/5.7.2/junit-jupiter-params-5.7.2.jar:/Users/java/work/Repository/org/junit/jupiter/junit-jupiter-engine/5.7.2/junit-jupiter-engine-5.7.2.jar:/Users/java/work/Repository/org/junit/platform/junit-platform-engine/1.7.2/junit-platform-engine-1.7.2.jar:/Users/java/work/Repository/org/mockito/mockito-core/3.9.0/mockito-core-3.9.0.jar:/Users/java/work/Repository/net/bytebuddy/byte-buddy/1.10.22/byte-buddy-1.10.22.jar:/Users/java/work/Repository/net/bytebuddy/byte-buddy-agent/1.10.22/byte-buddy-agent-1.10.22.jar:/Users/java/work/Repository/org/objenesis/objenesis/3.2/objenesis-3.2.jar:/Users/java/work/Repository/org/mockito/mockito-junit-jupiter/3.9.0/mockito-junit-jupiter-3.9.0.jar:/Users/java/work/Repository/org/skyscreamer/jsonassert/1.5.0/jsonassert-1.5.0.jar:/Users/java/work/Repository/com/vaadin/external/google/android-json/0.0.20131108.vaadin1/android-json-0.0.20131108.vaadin1.jar:/Users/java/work/Repository/org/springframework/spring-core/5.3.8/spring-core-5.3.8.jar:/Users/java/work/Repository/org/springframework/spring-jcl/5.3.8/spring-jcl-5.3.8.jar:/Users/java/work/Repository/org/springframework/spring-test/5.3.8/spring-test-5.3.8.jar:/Users/java/work/Repository/org/xmlunit/xmlunit-core/2.8.2/xmlunit-core-2.8.2.jar:/Users/java/work/Repository/org/projectlombok/lombok/1.18.24/lombok-1.18.24.jar:/Users/java/work/Repository/com/baomidou/mybatis-plus-boot-starter/3.5.2/mybatis-plus-boot-starter-3.5.2.jar:/Users/java/work/Repository/com/baomidou/mybatis-plus/3.5.2/mybatis-plus-3.5.2.jar:/Users/java/work/Repository/com/baomidou/mybatis-plus-extension/3.5.2/mybatis-plus-extension-3.5.2.jar:/Users/java/work/Repository/com/baomidou/mybatis-plus-core/3.5.2/mybatis-plus-core-3.5.2.jar:/Users/java/work/Repository/com/baomidou/mybatis-plus-annotation/3.5.2/mybatis-plus-annotation-3.5.2.jar:/Users/java/work/Repository/com/github/jsqlparser/jsqlparser/4.4/jsqlparser-4.4.jar:/Users/java/work/Repository/org/mybatis/mybatis/3.5.10/mybatis-3.5.10.jar:/Users/java/work/Repository/org/mybatis/mybatis-spring/2.0.7/mybatis-spring-2.0.7.jar:/Users/java/work/Repository/org/jetbrains/kotlin/kotlin-stdlib-jdk8/1.5.20/kotlin-stdlib-jdk8-1.5.20.jar:/Users/java/work/Repository/org/jetbrains/kotlin/kotlin-stdlib/1.5.20/kotlin-stdlib-1.5.20.jar:/Users/java/work/Repository/org/jetbrains/annotations/13.0/annotations-13.0.jar:/Users/java/work/Repository/org/jetbrains/kotlin/kotlin-stdlib-common/1.5.20/kotlin-stdlib-common-1.5.20.jar:/Users/java/work/Repository/org/jetbrains/kotlin/kotlin-stdlib-jdk7/1.5.20/kotlin-stdlib-jdk7-1.5.20.jar:/Users/java/work/Repository/org/springframework/boot/spring-boot-autoconfigure/2.5.2/spring-boot-autoconfigure-2.5.2.jar:/Users/java/work/Repository/org/springframework/boot/spring-boot-starter-jdbc/2.5.2/spring-boot-starter-jdbc-2.5.2.jar:/Users/java/work/Repository/com/zaxxer/HikariCP/4.0.3/HikariCP-4.0.3.jar:/Users/java/work/Repository/org/springframework/spring-jdbc/5.3.8/spring-jdbc-5.3.8.jar:/Users/java/work/Repository/mysql/mysql-connector-java/8.0.30/mysql-connector-java-8.0.30.jar:/Users/java/work/Repository/org/springframework/security/oauth/spring-security-oauth2/2.5.2.RELEASE/spring-security-oauth2-2.5.2.RELEASE.jar:/Users/java/work/Repository/org/springframework/spring-beans/5.3.8/spring-beans-5.3.8.jar:/Users/java/work/Repository/org/springframework/spring-context/5.3.8/spring-context-5.3.8.jar:/Users/java/work/Repository/org/springframework/security/spring-security-core/5.5.1/spring-security-core-5.5.1.jar:/Users/java/work/Repository/org/springframework/security/spring-security-crypto/5.5.1/spring-security-crypto-5.5.1.jar:/Users/java/work/Repository/org/springframework/security/spring-security-config/5.5.1/spring-security-config-5.5.1.jar:/Users/java/work/Repository/org/springframework/security/spring-security-web/5.5.1/spring-security-web-5.5.1.jar:/Users/java/work/Repository/commons-codec/commons-codec/1.15/commons-codec-1.15.jar:/Users/java/work/Repository/org/springframework/security/spring-security-jwt/1.1.1.RELEASE/spring-security-jwt-1.1.1.RELEASE.jar:/Users/java/work/Repository/org/bouncycastle/bcpkix-jdk15on/1.64/bcpkix-jdk15on-1.64.jar:/Users/java/work/Repository/org/bouncycastle/bcprov-jdk15on/1.64/bcprov-jdk15on-1.64.jar:/Users/java/work/Repository/org/springframework/boot/spring-boot-starter-data-redis/2.5.2/spring-boot-starter-data-redis-2.5.2.jar:/Users/java/work/Repository/org/springframework/data/spring-data-redis/2.5.2/spring-data-redis-2.5.2.jar:/Users/java/work/Repository/org/springframework/data/spring-data-keyvalue/2.5.2/spring-data-keyvalue-2.5.2.jar:/Users/java/work/Repository/org/springframework/data/spring-data-commons/2.5.2/spring-data-commons-2.5.2.jar:/Users/java/work/Repository/org/springframework/spring-tx/5.3.8/spring-tx-5.3.8.jar:/Users/java/work/Repository/org/springframework/spring-oxm/5.3.8/spring-oxm-5.3.8.jar:/Users/java/work/Repository/org/springframework/spring-context-support/5.3.8/spring-context-support-5.3.8.jar:/Users/java/work/Repository/io/lettuce/lettuce-core/6.1.3.RELEASE/lettuce-core-6.1.3.RELEASE.jar:/Users/java/work/Repository/io/netty/netty-common/4.1.65.Final/netty-common-4.1.65.Final.jar:/Users/java/work/Repository/io/netty/netty-handler/4.1.65.Final/netty-handler-4.1.65.Final.jar:/Users/java/work/Repository/io/netty/netty-resolver/4.1.65.Final/netty-resolver-4.1.65.Final.jar:/Users/java/work/Repository/io/netty/netty-buffer/4.1.65.Final/netty-buffer-4.1.65.Final.jar:/Users/java/work/Repository/io/netty/netty-codec/4.1.65.Final/netty-codec-4.1.65.Final.jar:/Users/java/work/Repository/io/netty/netty-transport/4.1.65.Final/netty-transport-4.1.65.Final.jar:/Users/java/work/Repository/io/projectreactor/reactor-core/3.4.7/reactor-core-3.4.7.jar:/Users/java/work/Repository/org/reactivestreams/reactive-streams/1.0.3/reactive-streams-1.0.3.jar:"/>
    <property name="sun.cpu.endian" value="little"/>
    <property name="user.home" value="/Users/java"/>
    <property name="user.language" value="zh"/>
    <property name="java.specification.vendor" value="Oracle Corporation"/>
    <property name="java.version.date" value="2022-08-18"/>
    <property name="java.home" value="/Users/java/work/jdk-11.0.16.1.jdk/Contents/Home"/>
    <property name="file.separator" value="/"/>
    <property name="basedir" value="/Users/java/work/my/z-admin"/>
    <property name="java.vm.compressedOopsMode" value="Zero based"/>
    <property name="line.separator" value="&#10;"/>
    <property name="java.specification.name" value="Java Platform API Specification"/>
    <property name="java.vm.specification.vendor" value="Oracle Corporation"/>
    <property name="java.awt.graphicsenv" value="sun.awt.CGraphicsEnvironment"/>
    <property name="surefire.real.class.path" value="/Users/java/work/my/z-admin/target/surefire/surefirebooter4805458447671420268.jar"/>
    <property name="user.script" value="Hans"/>
    <property name="sun.management.compiler" value="HotSpot 64-Bit Tiered Compilers"/>
    <property name="java.runtime.version" value="11.0.16.1+1-LTS-1"/>
    <property name="user.name" value="java"/>
    <property name="path.separator" value=":"/>
    <property name="os.version" value="10.15.7"/>
    <property name="java.runtime.name" value="Java(TM) SE Runtime Environment"/>
    <property name="file.encoding" value="UTF-8"/>
    <property name="java.vm.name" value="Java HotSpot(TM) 64-Bit Server VM"/>
    <property name="java.vendor.version" value="18.9"/>
    <property name="localRepository" value="/Users/java/work/Repository"/>
    <property name="java.vendor.url.bug" value="https://bugreport.java.com/bugreport/"/>
    <property name="java.io.tmpdir" value="/var/folders/29/rdzyjrjs5q96dtv13kdd8g3c0000gn/T/"/>
    <property name="idea.version" value="2022.2.1"/>
    <property name="java.version" value="11.0.16.1"/>
    <property name="user.dir" value="/Users/java/work/my/z-admin"/>
    <property name="os.arch" value="x86_64"/>
    <property name="java.vm.specification.name" value="Java Virtual Machine Specification"/>
    <property name="java.awt.printerjob" value="sun.lwawt.macosx.CPrinterJob"/>
    <property name="sun.os.patch.level" value="unknown"/>
    <property name="java.library.path" value="/Users/java/Library/Java/Extensions:/Library/Java/Extensions:/Network/Library/Java/Extensions:/System/Library/Java/Extensions:/usr/lib/java:."/>
    <property name="java.vendor" value="Oracle Corporation"/>
    <property name="java.vm.info" value="mixed mode"/>
    <property name="java.vm.version" value="11.0.16.1+1-LTS-1"/>
    <property name="sun.io.unicode.encoding" value="UnicodeBig"/>
    <property name="maven.repo.local" value="/Users/java/work/Repository"/>
    <property name="java.class.version" value="55.0"/>
  </properties>
  <testcase name="contextLoads" classname="com.z.admin.ZAdminApplicationTests" time="0.275"/>
</testsuite>