<?xml version="1.0" encoding="UTF-8"?>
<testsuite xmlns:xsi="http://www.w3.org/2001/XMLSchema-instance" xsi:noNamespaceSchemaLocation="https://maven.apache.org/surefire/maven-surefire-plugin/xsd/surefire-test-report-3.0.xsd" version="3.0" name="com.z.admin.ZAdminApplicationTests" time="8.27" tests="1" errors="0" skipped="0" failures="0">
  <properties>
    <property name="java.specification.version" value="21"/>
    <property name="sun.jnu.encoding" value="UTF-8"/>
    <property name="java.class.path" value="/Users/java/work/my/xx/z-damin/target/test-classes:/Users/java/work/my/xx/z-damin/target/classes:/Users/java/work/Repository/org/springframework/boot/spring-boot-starter-web/3.1.0/spring-boot-starter-web-3.1.0.jar:/Users/java/work/Repository/org/springframework/boot/spring-boot-starter/3.1.0/spring-boot-starter-3.1.0.jar:/Users/java/work/Repository/org/springframework/boot/spring-boot/3.1.0/spring-boot-3.1.0.jar:/Users/java/work/Repository/org/springframework/boot/spring-boot-starter-logging/3.1.0/spring-boot-starter-logging-3.1.0.jar:/Users/java/work/Repository/ch/qos/logback/logback-classic/1.4.7/logback-classic-1.4.7.jar:/Users/java/work/Repository/ch/qos/logback/logback-core/1.4.7/logback-core-1.4.7.jar:/Users/java/work/Repository/org/apache/logging/log4j/log4j-to-slf4j/2.20.0/log4j-to-slf4j-2.20.0.jar:/Users/java/work/Repository/org/apache/logging/log4j/log4j-api/2.20.0/log4j-api-2.20.0.jar:/Users/java/work/Repository/org/slf4j/jul-to-slf4j/2.0.7/jul-to-slf4j-2.0.7.jar:/Users/java/work/Repository/jakarta/annotation/jakarta.annotation-api/2.1.1/jakarta.annotation-api-2.1.1.jar:/Users/java/work/Repository/org/yaml/snakeyaml/1.33/snakeyaml-1.33.jar:/Users/java/work/Repository/org/springframework/boot/spring-boot-starter-json/3.1.0/spring-boot-starter-json-3.1.0.jar:/Users/java/work/Repository/com/fasterxml/jackson/core/jackson-databind/2.15.0/jackson-databind-2.15.0.jar:/Users/java/work/Repository/com/fasterxml/jackson/core/jackson-annotations/2.15.0/jackson-annotations-2.15.0.jar:/Users/java/work/Repository/com/fasterxml/jackson/core/jackson-core/2.15.0/jackson-core-2.15.0.jar:/Users/java/work/Repository/com/fasterxml/jackson/datatype/jackson-datatype-jdk8/2.15.0/jackson-datatype-jdk8-2.15.0.jar:/Users/java/work/Repository/com/fasterxml/jackson/datatype/jackson-datatype-jsr310/2.15.0/jackson-datatype-jsr310-2.15.0.jar:/Users/java/work/Repository/com/fasterxml/jackson/module/jackson-module-parameter-names/2.15.0/jackson-module-parameter-names-2.15.0.jar:/Users/java/work/Repository/org/springframework/boot/spring-boot-starter-tomcat/3.1.0/spring-boot-starter-tomcat-3.1.0.jar:/Users/java/work/Repository/org/apache/tomcat/embed/tomcat-embed-core/10.1.8/tomcat-embed-core-10.1.8.jar:/Users/java/work/Repository/org/apache/tomcat/embed/tomcat-embed-websocket/10.1.8/tomcat-embed-websocket-10.1.8.jar:/Users/java/work/Repository/org/springframework/spring-web/6.0.9/spring-web-6.0.9.jar:/Users/java/work/Repository/org/springframework/spring-beans/6.0.9/spring-beans-6.0.9.jar:/Users/java/work/Repository/io/micrometer/micrometer-observation/1.11.0/micrometer-observation-1.11.0.jar:/Users/java/work/Repository/io/micrometer/micrometer-commons/1.11.0/micrometer-commons-1.11.0.jar:/Users/java/work/Repository/org/springframework/spring-webmvc/6.0.9/spring-webmvc-6.0.9.jar:/Users/java/work/Repository/org/springframework/spring-context/6.0.9/spring-context-6.0.9.jar:/Users/java/work/Repository/org/springframework/spring-expression/6.0.9/spring-expression-6.0.9.jar:/Users/java/work/Repository/org/springframework/boot/spring-boot-starter-test/3.1.0/spring-boot-starter-test-3.1.0.jar:/Users/java/work/Repository/org/springframework/boot/spring-boot-test/3.1.0/spring-boot-test-3.1.0.jar:/Users/java/work/Repository/org/springframework/boot/spring-boot-test-autoconfigure/3.1.0/spring-boot-test-autoconfigure-3.1.0.jar:/Users/java/work/Repository/com/jayway/jsonpath/json-path/2.8.0/json-path-2.8.0.jar:/Users/java/work/Repository/jakarta/xml/bind/jakarta.xml.bind-api/4.0.0/jakarta.xml.bind-api-4.0.0.jar:/Users/java/work/Repository/jakarta/activation/jakarta.activation-api/2.1.2/jakarta.activation-api-2.1.2.jar:/Users/java/work/Repository/net/minidev/json-smart/2.4.10/json-smart-2.4.10.jar:/Users/java/work/Repository/net/minidev/accessors-smart/2.4.9/accessors-smart-2.4.9.jar:/Users/java/work/Repository/org/ow2/asm/asm/9.3/asm-9.3.jar:/Users/java/work/Repository/org/assertj/assertj-core/3.24.2/assertj-core-3.24.2.jar:/Users/java/work/Repository/net/bytebuddy/byte-buddy/1.14.4/byte-buddy-1.14.4.jar:/Users/java/work/Repository/org/hamcrest/hamcrest/2.2/hamcrest-2.2.jar:/Users/java/work/Repository/org/junit/jupiter/junit-jupiter/5.9.3/junit-jupiter-5.9.3.jar:/Users/java/work/Repository/org/junit/jupiter/junit-jupiter-api/5.9.3/junit-jupiter-api-5.9.3.jar:/Users/java/work/Repository/org/opentest4j/opentest4j/1.2.0/opentest4j-1.2.0.jar:/Users/java/work/Repository/org/junit/platform/junit-platform-commons/1.9.3/junit-platform-commons-1.9.3.jar:/Users/java/work/Repository/org/apiguardian/apiguardian-api/1.1.2/apiguardian-api-1.1.2.jar:/Users/java/work/Repository/org/junit/jupiter/junit-jupiter-params/5.9.3/junit-jupiter-params-5.9.3.jar:/Users/java/work/Repository/org/junit/jupiter/junit-jupiter-engine/5.9.3/junit-jupiter-engine-5.9.3.jar:/Users/java/work/Repository/org/junit/platform/junit-platform-engine/1.9.3/junit-platform-engine-1.9.3.jar:/Users/java/work/Repository/org/mockito/mockito-core/5.3.1/mockito-core-5.3.1.jar:/Users/java/work/Repository/net/bytebuddy/byte-buddy-agent/1.14.4/byte-buddy-agent-1.14.4.jar:/Users/java/work/Repository/org/objenesis/objenesis/3.3/objenesis-3.3.jar:/Users/java/work/Repository/org/mockito/mockito-junit-jupiter/5.3.1/mockito-junit-jupiter-5.3.1.jar:/Users/java/work/Repository/org/skyscreamer/jsonassert/1.5.1/jsonassert-1.5.1.jar:/Users/java/work/Repository/com/vaadin/external/google/android-json/0.0.20131108.vaadin1/android-json-0.0.20131108.vaadin1.jar:/Users/java/work/Repository/org/springframework/spring-core/6.0.9/spring-core-6.0.9.jar:/Users/java/work/Repository/org/springframework/spring-jcl/6.0.9/spring-jcl-6.0.9.jar:/Users/java/work/Repository/org/springframework/spring-test/6.0.9/spring-test-6.0.9.jar:/Users/java/work/Repository/org/xmlunit/xmlunit-core/2.9.1/xmlunit-core-2.9.1.jar:/Users/java/work/Repository/org/projectlombok/lombok/1.18.30/lombok-1.18.30.jar:/Users/java/work/Repository/com/baomidou/mybatis-plus-boot-starter/3.5.3.1/mybatis-plus-boot-starter-3.5.3.1.jar:/Users/java/work/Repository/com/baomidou/mybatis-plus/3.5.3.1/mybatis-plus-3.5.3.1.jar:/Users/java/work/Repository/com/baomidou/mybatis-plus-extension/3.5.3.1/mybatis-plus-extension-3.5.3.1.jar:/Users/java/work/Repository/com/baomidou/mybatis-plus-core/3.5.3.1/mybatis-plus-core-3.5.3.1.jar:/Users/java/work/Repository/com/baomidou/mybatis-plus-annotation/3.5.3.1/mybatis-plus-annotation-3.5.3.1.jar:/Users/java/work/Repository/com/github/jsqlparser/jsqlparser/4.4/jsqlparser-4.4.jar:/Users/java/work/Repository/org/mybatis/mybatis/3.5.10/mybatis-3.5.10.jar:/Users/java/work/Repository/org/mybatis/mybatis-spring/2.0.7/mybatis-spring-2.0.7.jar:/Users/java/work/Repository/org/springframework/boot/spring-boot-autoconfigure/3.1.0/spring-boot-autoconfigure-3.1.0.jar:/Users/java/work/Repository/org/springframework/boot/spring-boot-starter-jdbc/3.1.0/spring-boot-starter-jdbc-3.1.0.jar:/Users/java/work/Repository/com/zaxxer/HikariCP/5.0.1/HikariCP-5.0.1.jar:/Users/java/work/Repository/org/springframework/spring-jdbc/6.0.9/spring-jdbc-6.0.9.jar:/Users/java/work/Repository/com/mysql/mysql-connector-j/8.0.33/mysql-connector-j-8.0.33.jar:/Users/java/work/Repository/org/springframework/boot/spring-boot-starter-data-redis/3.1.0/spring-boot-starter-data-redis-3.1.0.jar:/Users/java/work/Repository/org/springframework/data/spring-data-redis/3.1.0/spring-data-redis-3.1.0.jar:/Users/java/work/Repository/org/springframework/data/spring-data-keyvalue/3.1.0/spring-data-keyvalue-3.1.0.jar:/Users/java/work/Repository/org/springframework/data/spring-data-commons/3.1.0/spring-data-commons-3.1.0.jar:/Users/java/work/Repository/org/springframework/spring-tx/6.0.9/spring-tx-6.0.9.jar:/Users/java/work/Repository/org/springframework/spring-oxm/6.0.9/spring-oxm-6.0.9.jar:/Users/java/work/Repository/org/springframework/spring-context-support/6.0.9/spring-context-support-6.0.9.jar:/Users/java/work/Repository/io/lettuce/lettuce-core/6.2.4.RELEASE/lettuce-core-6.2.4.RELEASE.jar:/Users/java/work/Repository/io/netty/netty-common/4.1.92.Final/netty-common-4.1.92.Final.jar:/Users/java/work/Repository/io/netty/netty-handler/4.1.92.Final/netty-handler-4.1.92.Final.jar:/Users/java/work/Repository/io/netty/netty-resolver/4.1.92.Final/netty-resolver-4.1.92.Final.jar:/Users/java/work/Repository/io/netty/netty-buffer/4.1.92.Final/netty-buffer-4.1.92.Final.jar:/Users/java/work/Repository/io/netty/netty-transport-native-unix-common/4.1.92.Final/netty-transport-native-unix-common-4.1.92.Final.jar:/Users/java/work/Repository/io/netty/netty-codec/4.1.92.Final/netty-codec-4.1.92.Final.jar:/Users/java/work/Repository/io/netty/netty-transport/4.1.92.Final/netty-transport-4.1.92.Final.jar:/Users/java/work/Repository/io/projectreactor/reactor-core/3.5.6/reactor-core-3.5.6.jar:/Users/java/work/Repository/org/reactivestreams/reactive-streams/1.0.4/reactive-streams-1.0.4.jar:/Users/java/work/Repository/org/springframework/boot/spring-boot-starter-validation/3.1.0/spring-boot-starter-validation-3.1.0.jar:/Users/java/work/Repository/org/apache/tomcat/embed/tomcat-embed-el/10.1.8/tomcat-embed-el-10.1.8.jar:/Users/java/work/Repository/org/hibernate/validator/hibernate-validator/8.0.0.Final/hibernate-validator-8.0.0.Final.jar:/Users/java/work/Repository/jakarta/validation/jakarta.validation-api/3.0.2/jakarta.validation-api-3.0.2.jar:/Users/java/work/Repository/org/jboss/logging/jboss-logging/3.5.0.Final/jboss-logging-3.5.0.Final.jar:/Users/java/work/Repository/com/fasterxml/classmate/1.5.1/classmate-1.5.1.jar:/Users/java/work/Repository/ma/glasnost/orika/orika-core/1.5.4/orika-core-1.5.4.jar:/Users/java/work/Repository/org/javassist/javassist/3.24.0-GA/javassist-3.24.0-GA.jar:/Users/java/work/Repository/com/thoughtworks/paranamer/paranamer/2.8/paranamer-2.8.jar:/Users/java/work/Repository/org/slf4j/slf4j-api/2.0.7/slf4j-api-2.0.7.jar:/Users/java/work/Repository/com/carrotsearch/java-sizeof/0.0.5/java-sizeof-0.0.5.jar:/Users/java/work/Repository/org/codehaus/janino/janino/3.1.9/janino-3.1.9.jar:/Users/java/work/Repository/org/codehaus/janino/commons-compiler/3.1.9/commons-compiler-3.1.9.jar:/Users/java/work/Repository/com/alibaba/easyexcel/3.2.1/easyexcel-3.2.1.jar:/Users/java/work/Repository/com/alibaba/easyexcel-core/3.2.1/easyexcel-core-3.2.1.jar:/Users/java/work/Repository/com/alibaba/easyexcel-support/3.2.1/easyexcel-support-3.2.1.jar:/Users/java/work/Repository/org/apache/poi/poi/4.1.2/poi-4.1.2.jar:/Users/java/work/Repository/commons-codec/commons-codec/1.15/commons-codec-1.15.jar:/Users/java/work/Repository/org/apache/commons/commons-collections4/4.4/commons-collections4-4.4.jar:/Users/java/work/Repository/org/apache/commons/commons-math3/3.6.1/commons-math3-3.6.1.jar:/Users/java/work/Repository/com/zaxxer/SparseBitSet/1.2/SparseBitSet-1.2.jar:/Users/java/work/Repository/org/apache/poi/poi-ooxml/4.1.2/poi-ooxml-4.1.2.jar:/Users/java/work/Repository/org/apache/commons/commons-compress/1.19/commons-compress-1.19.jar:/Users/java/work/Repository/com/github/virtuald/curvesapi/1.06/curvesapi-1.06.jar:/Users/java/work/Repository/org/apache/poi/poi-ooxml-schemas/4.1.2/poi-ooxml-schemas-4.1.2.jar:/Users/java/work/Repository/org/apache/xmlbeans/xmlbeans/3.1.0/xmlbeans-3.1.0.jar:/Users/java/work/Repository/org/apache/commons/commons-csv/1.8/commons-csv-1.8.jar:/Users/java/work/Repository/org/ehcache/ehcache/3.9.9/ehcache-3.9.9.jar:/Users/java/work/Repository/com/alibaba/fastjson2/fastjson2/2.0.25/fastjson2-2.0.25.jar:/Users/java/work/Repository/org/springframework/boot/spring-boot-starter-security/3.1.0/spring-boot-starter-security-3.1.0.jar:/Users/java/work/Repository/org/springframework/spring-aop/6.0.9/spring-aop-6.0.9.jar:/Users/java/work/Repository/org/springframework/security/spring-security-config/6.1.0/spring-security-config-6.1.0.jar:/Users/java/work/Repository/org/springframework/security/spring-security-core/6.1.0/spring-security-core-6.1.0.jar:/Users/java/work/Repository/org/springframework/security/spring-security-crypto/6.1.0/spring-security-crypto-6.1.0.jar:/Users/java/work/Repository/org/springframework/security/spring-security-web/6.1.0/spring-security-web-6.1.0.jar:/Users/java/work/Repository/io/jsonwebtoken/jjwt/0.12.3/jjwt-0.12.3.jar:/Users/java/work/Repository/io/jsonwebtoken/jjwt-api/0.12.3/jjwt-api-0.12.3.jar:/Users/java/work/Repository/io/jsonwebtoken/jjwt-impl/0.12.3/jjwt-impl-0.12.3.jar:/Users/java/work/Repository/io/jsonwebtoken/jjwt-jackson/0.12.3/jjwt-jackson-0.12.3.jar:"/>
    <property name="java.vm.vendor" value="Oracle Corporation"/>
    <property name="sun.arch.data.model" value="64"/>
    <property name="java.vendor.url" value="https://java.oracle.com/"/>
    <property name="user.timezone" value="Asia/Shanghai"/>
    <property name="org.jboss.logging.provider" value="slf4j"/>
    <property name="os.name" value="Mac OS X"/>
    <property name="java.vm.specification.version" value="21"/>
    <property name="sun.java.launcher" value="SUN_STANDARD"/>
    <property name="user.country" value="CN"/>
    <property name="sun.boot.library.path" value="/Users/java/Library/Java/JavaVirtualMachines/openjdk-21.0.1/Contents/Home/lib"/>
    <property name="sun.java.command" value="/Users/java/work/my/xx/z-damin/target/surefire/surefirebooter-20231214135403570_3.jar /Users/java/work/my/xx/z-damin/target/surefire 2023-12-14T13-54-03_465-jvmRun1 surefire-20231214135403570_1tmp surefire_0-20231214135403570_2tmp"/>
    <property name="jdk.debug" value="release"/>
    <property name="surefire.test.class.path" value="/Users/java/work/my/xx/z-damin/target/test-classes:/Users/java/work/my/xx/z-damin/target/classes:/Users/java/work/Repository/org/springframework/boot/spring-boot-starter-web/3.1.0/spring-boot-starter-web-3.1.0.jar:/Users/java/work/Repository/org/springframework/boot/spring-boot-starter/3.1.0/spring-boot-starter-3.1.0.jar:/Users/java/work/Repository/org/springframework/boot/spring-boot/3.1.0/spring-boot-3.1.0.jar:/Users/java/work/Repository/org/springframework/boot/spring-boot-starter-logging/3.1.0/spring-boot-starter-logging-3.1.0.jar:/Users/java/work/Repository/ch/qos/logback/logback-classic/1.4.7/logback-classic-1.4.7.jar:/Users/java/work/Repository/ch/qos/logback/logback-core/1.4.7/logback-core-1.4.7.jar:/Users/java/work/Repository/org/apache/logging/log4j/log4j-to-slf4j/2.20.0/log4j-to-slf4j-2.20.0.jar:/Users/java/work/Repository/org/apache/logging/log4j/log4j-api/2.20.0/log4j-api-2.20.0.jar:/Users/java/work/Repository/org/slf4j/jul-to-slf4j/2.0.7/jul-to-slf4j-2.0.7.jar:/Users/java/work/Repository/jakarta/annotation/jakarta.annotation-api/2.1.1/jakarta.annotation-api-2.1.1.jar:/Users/java/work/Repository/org/yaml/snakeyaml/1.33/snakeyaml-1.33.jar:/Users/java/work/Repository/org/springframework/boot/spring-boot-starter-json/3.1.0/spring-boot-starter-json-3.1.0.jar:/Users/java/work/Repository/com/fasterxml/jackson/core/jackson-databind/2.15.0/jackson-databind-2.15.0.jar:/Users/java/work/Repository/com/fasterxml/jackson/core/jackson-annotations/2.15.0/jackson-annotations-2.15.0.jar:/Users/java/work/Repository/com/fasterxml/jackson/core/jackson-core/2.15.0/jackson-core-2.15.0.jar:/Users/java/work/Repository/com/fasterxml/jackson/datatype/jackson-datatype-jdk8/2.15.0/jackson-datatype-jdk8-2.15.0.jar:/Users/java/work/Repository/com/fasterxml/jackson/datatype/jackson-datatype-jsr310/2.15.0/jackson-datatype-jsr310-2.15.0.jar:/Users/java/work/Repository/com/fasterxml/jackson/module/jackson-module-parameter-names/2.15.0/jackson-module-parameter-names-2.15.0.jar:/Users/java/work/Repository/org/springframework/boot/spring-boot-starter-tomcat/3.1.0/spring-boot-starter-tomcat-3.1.0.jar:/Users/java/work/Repository/org/apache/tomcat/embed/tomcat-embed-core/10.1.8/tomcat-embed-core-10.1.8.jar:/Users/java/work/Repository/org/apache/tomcat/embed/tomcat-embed-websocket/10.1.8/tomcat-embed-websocket-10.1.8.jar:/Users/java/work/Repository/org/springframework/spring-web/6.0.9/spring-web-6.0.9.jar:/Users/java/work/Repository/org/springframework/spring-beans/6.0.9/spring-beans-6.0.9.jar:/Users/java/work/Repository/io/micrometer/micrometer-observation/1.11.0/micrometer-observation-1.11.0.jar:/Users/java/work/Repository/io/micrometer/micrometer-commons/1.11.0/micrometer-commons-1.11.0.jar:/Users/java/work/Repository/org/springframework/spring-webmvc/6.0.9/spring-webmvc-6.0.9.jar:/Users/java/work/Repository/org/springframework/spring-context/6.0.9/spring-context-6.0.9.jar:/Users/java/work/Repository/org/springframework/spring-expression/6.0.9/spring-expression-6.0.9.jar:/Users/java/work/Repository/org/springframework/boot/spring-boot-starter-test/3.1.0/spring-boot-starter-test-3.1.0.jar:/Users/java/work/Repository/org/springframework/boot/spring-boot-test/3.1.0/spring-boot-test-3.1.0.jar:/Users/java/work/Repository/org/springframework/boot/spring-boot-test-autoconfigure/3.1.0/spring-boot-test-autoconfigure-3.1.0.jar:/Users/java/work/Repository/com/jayway/jsonpath/json-path/2.8.0/json-path-2.8.0.jar:/Users/java/work/Repository/jakarta/xml/bind/jakarta.xml.bind-api/4.0.0/jakarta.xml.bind-api-4.0.0.jar:/Users/java/work/Repository/jakarta/activation/jakarta.activation-api/2.1.2/jakarta.activation-api-2.1.2.jar:/Users/java/work/Repository/net/minidev/json-smart/2.4.10/json-smart-2.4.10.jar:/Users/java/work/Repository/net/minidev/accessors-smart/2.4.9/accessors-smart-2.4.9.jar:/Users/java/work/Repository/org/ow2/asm/asm/9.3/asm-9.3.jar:/Users/java/work/Repository/org/assertj/assertj-core/3.24.2/assertj-core-3.24.2.jar:/Users/java/work/Repository/net/bytebuddy/byte-buddy/1.14.4/byte-buddy-1.14.4.jar:/Users/java/work/Repository/org/hamcrest/hamcrest/2.2/hamcrest-2.2.jar:/Users/java/work/Repository/org/junit/jupiter/junit-jupiter/5.9.3/junit-jupiter-5.9.3.jar:/Users/java/work/Repository/org/junit/jupiter/junit-jupiter-api/5.9.3/junit-jupiter-api-5.9.3.jar:/Users/java/work/Repository/org/opentest4j/opentest4j/1.2.0/opentest4j-1.2.0.jar:/Users/java/work/Repository/org/junit/platform/junit-platform-commons/1.9.3/junit-platform-commons-1.9.3.jar:/Users/java/work/Repository/org/apiguardian/apiguardian-api/1.1.2/apiguardian-api-1.1.2.jar:/Users/java/work/Repository/org/junit/jupiter/junit-jupiter-params/5.9.3/junit-jupiter-params-5.9.3.jar:/Users/java/work/Repository/org/junit/jupiter/junit-jupiter-engine/5.9.3/junit-jupiter-engine-5.9.3.jar:/Users/java/work/Repository/org/junit/platform/junit-platform-engine/1.9.3/junit-platform-engine-1.9.3.jar:/Users/java/work/Repository/org/mockito/mockito-core/5.3.1/mockito-core-5.3.1.jar:/Users/java/work/Repository/net/bytebuddy/byte-buddy-agent/1.14.4/byte-buddy-agent-1.14.4.jar:/Users/java/work/Repository/org/objenesis/objenesis/3.3/objenesis-3.3.jar:/Users/java/work/Repository/org/mockito/mockito-junit-jupiter/5.3.1/mockito-junit-jupiter-5.3.1.jar:/Users/java/work/Repository/org/skyscreamer/jsonassert/1.5.1/jsonassert-1.5.1.jar:/Users/java/work/Repository/com/vaadin/external/google/android-json/0.0.20131108.vaadin1/android-json-0.0.20131108.vaadin1.jar:/Users/java/work/Repository/org/springframework/spring-core/6.0.9/spring-core-6.0.9.jar:/Users/java/work/Repository/org/springframework/spring-jcl/6.0.9/spring-jcl-6.0.9.jar:/Users/java/work/Repository/org/springframework/spring-test/6.0.9/spring-test-6.0.9.jar:/Users/java/work/Repository/org/xmlunit/xmlunit-core/2.9.1/xmlunit-core-2.9.1.jar:/Users/java/work/Repository/org/projectlombok/lombok/1.18.30/lombok-1.18.30.jar:/Users/java/work/Repository/com/baomidou/mybatis-plus-boot-starter/3.5.3.1/mybatis-plus-boot-starter-3.5.3.1.jar:/Users/java/work/Repository/com/baomidou/mybatis-plus/3.5.3.1/mybatis-plus-3.5.3.1.jar:/Users/java/work/Repository/com/baomidou/mybatis-plus-extension/3.5.3.1/mybatis-plus-extension-3.5.3.1.jar:/Users/java/work/Repository/com/baomidou/mybatis-plus-core/3.5.3.1/mybatis-plus-core-3.5.3.1.jar:/Users/java/work/Repository/com/baomidou/mybatis-plus-annotation/3.5.3.1/mybatis-plus-annotation-3.5.3.1.jar:/Users/java/work/Repository/com/github/jsqlparser/jsqlparser/4.4/jsqlparser-4.4.jar:/Users/java/work/Repository/org/mybatis/mybatis/3.5.10/mybatis-3.5.10.jar:/Users/java/work/Repository/org/mybatis/mybatis-spring/2.0.7/mybatis-spring-2.0.7.jar:/Users/java/work/Repository/org/springframework/boot/spring-boot-autoconfigure/3.1.0/spring-boot-autoconfigure-3.1.0.jar:/Users/java/work/Repository/org/springframework/boot/spring-boot-starter-jdbc/3.1.0/spring-boot-starter-jdbc-3.1.0.jar:/Users/java/work/Repository/com/zaxxer/HikariCP/5.0.1/HikariCP-5.0.1.jar:/Users/java/work/Repository/org/springframework/spring-jdbc/6.0.9/spring-jdbc-6.0.9.jar:/Users/java/work/Repository/com/mysql/mysql-connector-j/8.0.33/mysql-connector-j-8.0.33.jar:/Users/java/work/Repository/org/springframework/boot/spring-boot-starter-data-redis/3.1.0/spring-boot-starter-data-redis-3.1.0.jar:/Users/java/work/Repository/org/springframework/data/spring-data-redis/3.1.0/spring-data-redis-3.1.0.jar:/Users/java/work/Repository/org/springframework/data/spring-data-keyvalue/3.1.0/spring-data-keyvalue-3.1.0.jar:/Users/java/work/Repository/org/springframework/data/spring-data-commons/3.1.0/spring-data-commons-3.1.0.jar:/Users/java/work/Repository/org/springframework/spring-tx/6.0.9/spring-tx-6.0.9.jar:/Users/java/work/Repository/org/springframework/spring-oxm/6.0.9/spring-oxm-6.0.9.jar:/Users/java/work/Repository/org/springframework/spring-context-support/6.0.9/spring-context-support-6.0.9.jar:/Users/java/work/Repository/io/lettuce/lettuce-core/6.2.4.RELEASE/lettuce-core-6.2.4.RELEASE.jar:/Users/java/work/Repository/io/netty/netty-common/4.1.92.Final/netty-common-4.1.92.Final.jar:/Users/java/work/Repository/io/netty/netty-handler/4.1.92.Final/netty-handler-4.1.92.Final.jar:/Users/java/work/Repository/io/netty/netty-resolver/4.1.92.Final/netty-resolver-4.1.92.Final.jar:/Users/java/work/Repository/io/netty/netty-buffer/4.1.92.Final/netty-buffer-4.1.92.Final.jar:/Users/java/work/Repository/io/netty/netty-transport-native-unix-common/4.1.92.Final/netty-transport-native-unix-common-4.1.92.Final.jar:/Users/java/work/Repository/io/netty/netty-codec/4.1.92.Final/netty-codec-4.1.92.Final.jar:/Users/java/work/Repository/io/netty/netty-transport/4.1.92.Final/netty-transport-4.1.92.Final.jar:/Users/java/work/Repository/io/projectreactor/reactor-core/3.5.6/reactor-core-3.5.6.jar:/Users/java/work/Repository/org/reactivestreams/reactive-streams/1.0.4/reactive-streams-1.0.4.jar:/Users/java/work/Repository/org/springframework/boot/spring-boot-starter-validation/3.1.0/spring-boot-starter-validation-3.1.0.jar:/Users/java/work/Repository/org/apache/tomcat/embed/tomcat-embed-el/10.1.8/tomcat-embed-el-10.1.8.jar:/Users/java/work/Repository/org/hibernate/validator/hibernate-validator/8.0.0.Final/hibernate-validator-8.0.0.Final.jar:/Users/java/work/Repository/jakarta/validation/jakarta.validation-api/3.0.2/jakarta.validation-api-3.0.2.jar:/Users/java/work/Repository/org/jboss/logging/jboss-logging/3.5.0.Final/jboss-logging-3.5.0.Final.jar:/Users/java/work/Repository/com/fasterxml/classmate/1.5.1/classmate-1.5.1.jar:/Users/java/work/Repository/ma/glasnost/orika/orika-core/1.5.4/orika-core-1.5.4.jar:/Users/java/work/Repository/org/javassist/javassist/3.24.0-GA/javassist-3.24.0-GA.jar:/Users/java/work/Repository/com/thoughtworks/paranamer/paranamer/2.8/paranamer-2.8.jar:/Users/java/work/Repository/org/slf4j/slf4j-api/2.0.7/slf4j-api-2.0.7.jar:/Users/java/work/Repository/com/carrotsearch/java-sizeof/0.0.5/java-sizeof-0.0.5.jar:/Users/java/work/Repository/org/codehaus/janino/janino/3.1.9/janino-3.1.9.jar:/Users/java/work/Repository/org/codehaus/janino/commons-compiler/3.1.9/commons-compiler-3.1.9.jar:/Users/java/work/Repository/com/alibaba/easyexcel/3.2.1/easyexcel-3.2.1.jar:/Users/java/work/Repository/com/alibaba/easyexcel-core/3.2.1/easyexcel-core-3.2.1.jar:/Users/java/work/Repository/com/alibaba/easyexcel-support/3.2.1/easyexcel-support-3.2.1.jar:/Users/java/work/Repository/org/apache/poi/poi/4.1.2/poi-4.1.2.jar:/Users/java/work/Repository/commons-codec/commons-codec/1.15/commons-codec-1.15.jar:/Users/java/work/Repository/org/apache/commons/commons-collections4/4.4/commons-collections4-4.4.jar:/Users/java/work/Repository/org/apache/commons/commons-math3/3.6.1/commons-math3-3.6.1.jar:/Users/java/work/Repository/com/zaxxer/SparseBitSet/1.2/SparseBitSet-1.2.jar:/Users/java/work/Repository/org/apache/poi/poi-ooxml/4.1.2/poi-ooxml-4.1.2.jar:/Users/java/work/Repository/org/apache/commons/commons-compress/1.19/commons-compress-1.19.jar:/Users/java/work/Repository/com/github/virtuald/curvesapi/1.06/curvesapi-1.06.jar:/Users/java/work/Repository/org/apache/poi/poi-ooxml-schemas/4.1.2/poi-ooxml-schemas-4.1.2.jar:/Users/java/work/Repository/org/apache/xmlbeans/xmlbeans/3.1.0/xmlbeans-3.1.0.jar:/Users/java/work/Repository/org/apache/commons/commons-csv/1.8/commons-csv-1.8.jar:/Users/java/work/Repository/org/ehcache/ehcache/3.9.9/ehcache-3.9.9.jar:/Users/java/work/Repository/com/alibaba/fastjson2/fastjson2/2.0.25/fastjson2-2.0.25.jar:/Users/java/work/Repository/org/springframework/boot/spring-boot-starter-security/3.1.0/spring-boot-starter-security-3.1.0.jar:/Users/java/work/Repository/org/springframework/spring-aop/6.0.9/spring-aop-6.0.9.jar:/Users/java/work/Repository/org/springframework/security/spring-security-config/6.1.0/spring-security-config-6.1.0.jar:/Users/java/work/Repository/org/springframework/security/spring-security-core/6.1.0/spring-security-core-6.1.0.jar:/Users/java/work/Repository/org/springframework/security/spring-security-crypto/6.1.0/spring-security-crypto-6.1.0.jar:/Users/java/work/Repository/org/springframework/security/spring-security-web/6.1.0/spring-security-web-6.1.0.jar:/Users/java/work/Repository/io/jsonwebtoken/jjwt/0.12.3/jjwt-0.12.3.jar:/Users/java/work/Repository/io/jsonwebtoken/jjwt-api/0.12.3/jjwt-api-0.12.3.jar:/Users/java/work/Repository/io/jsonwebtoken/jjwt-impl/0.12.3/jjwt-impl-0.12.3.jar:/Users/java/work/Repository/io/jsonwebtoken/jjwt-jackson/0.12.3/jjwt-jackson-0.12.3.jar:"/>
    <property name="sun.cpu.endian" value="little"/>
    <property name="user.home" value="/Users/java"/>
    <property name="user.language" value="zh"/>
    <property name="java.specification.vendor" value="Oracle Corporation"/>
    <property name="java.version.date" value="2023-10-17"/>
    <property name="java.home" value="/Users/java/Library/Java/JavaVirtualMachines/openjdk-21.0.1/Contents/Home"/>
    <property name="file.separator" value="/"/>
    <property name="basedir" value="/Users/java/work/my/xx/z-damin"/>
    <property name="java.vm.compressedOopsMode" value="Zero based"/>
    <property name="line.separator" value="&#10;"/>
    <property name="java.vm.specification.vendor" value="Oracle Corporation"/>
    <property name="java.specification.name" value="Java Platform API Specification"/>
    <property name="FILE_LOG_CHARSET" value="UTF-8"/>
    <property name="java.awt.headless" value="true"/>
    <property name="apple.awt.application.name" value="ForkedBooter"/>
    <property name="surefire.real.class.path" value="/Users/java/work/my/xx/z-damin/target/surefire/surefirebooter-20231214135403570_3.jar"/>
    <property name="user.script" value="Hans"/>
    <property name="sun.management.compiler" value="HotSpot 64-Bit Tiered Compilers"/>
    <property name="java.runtime.version" value="21.0.1+12-29"/>
    <property name="user.name" value="java"/>
    <property name="stdout.encoding" value="UTF-8"/>
    <property name="path.separator" value=":"/>
    <property name="os.version" value="13.4"/>
    <property name="java.runtime.name" value="OpenJDK Runtime Environment"/>
    <property name="file.encoding" value="UTF-8"/>
    <property name="java.vm.name" value="OpenJDK 64-Bit Server VM"/>
    <property name="localRepository" value="/Users/java/work/Repository"/>
    <property name="java.vendor.url.bug" value="https://bugreport.java.com/bugreport/"/>
    <property name="java.io.tmpdir" value="/var/folders/29/rdzyjrjs5q96dtv13kdd8g3c0000gn/T/"/>
    <property name="idea.version" value="2022.2.5"/>
    <property name="java.version" value="21.0.1"/>
    <property name="user.dir" value="/Users/java/work/my/xx/z-damin"/>
    <property name="os.arch" value="x86_64"/>
    <property name="java.vm.specification.name" value="Java Virtual Machine Specification"/>
    <property name="PID" value="11504"/>
    <property name="CONSOLE_LOG_CHARSET" value="UTF-8"/>
    <property name="native.encoding" value="UTF-8"/>
    <property name="java.library.path" value="/Users/java/Library/Java/Extensions:/Library/Java/Extensions:/Network/Library/Java/Extensions:/System/Library/Java/Extensions:/usr/lib/java:."/>
    <property name="java.vm.info" value="mixed mode, sharing"/>
    <property name="stderr.encoding" value="UTF-8"/>
    <property name="java.vendor" value="Oracle Corporation"/>
    <property name="java.vm.version" value="21.0.1+12-29"/>
    <property name="sun.io.unicode.encoding" value="UnicodeBig"/>
    <property name="maven.repo.local" value="/Users/java/work/Repository"/>
    <property name="java.class.version" value="65.0"/>
  </properties>
  <testcase name="contextLoads" classname="com.z.admin.ZAdminApplicationTests" time="0.772">
    <system-out><![CDATA[13:54:04.268 [main] INFO org.springframework.test.context.support.AnnotationConfigContextLoaderUtils -- Could not detect default configuration classes for test class [com.z.admin.ZAdminApplicationTests]: ZAdminApplicationTests does not declare any static, non-private, non-final, nested classes annotated with @Configuration.
13:54:04.345 [main] INFO org.springframework.boot.test.context.SpringBootTestContextBootstrapper -- Found @SpringBootConfiguration com.z.admin.ZAdminApplication for test class com.z.admin.ZAdminApplicationTests

  .   ____          _            __ _ _
 /\\ / ___'_ __ _ _(_)_ __  __ _ \ \ \ \
( ( )\___ | '_ | '_| | '_ \/ _` | \ \ \ \
 \\/  ___)| |_)| | | | | || (_| |  ) ) ) )
  '  |____| .__|_| |_|_| |_\__, | / / / /
 =========|_|==============|___/=/_/_/_/
&amp#27;[32m :: Spring Boot :: &amp#27;[39m              &amp#27;[2m (v3.1.0)&amp#27;[0;39m

&amp#27;[2m2023-12-14T13:54:04.666+08:00&amp#27;[0;39m &amp#27;[32m INFO&amp#27;[0;39m &amp#27;[35m11504&amp#27;[0;39m &amp#27;[2m---&amp#27;[0;39m &amp#27;[2m[           main]&amp#27;[0;39m &amp#27;[36mcom.z.admin.ZAdminApplicationTests      &amp#27;[0;39m &amp#27;[2m:&amp#27;[0;39m Starting ZAdminApplicationTests using Java 21.0.1 with PID 11504 (started by java in /Users/java/work/my/xx/z-damin)
&amp#27;[2m2023-12-14T13:54:04.667+08:00&amp#27;[0;39m &amp#27;[32m INFO&amp#27;[0;39m &amp#27;[35m11504&amp#27;[0;39m &amp#27;[2m---&amp#27;[0;39m &amp#27;[2m[           main]&amp#27;[0;39m &amp#27;[36mcom.z.admin.ZAdminApplicationTests      &amp#27;[0;39m &amp#27;[2m:&amp#27;[0;39m The following 1 profile is active: "dev"
Logging initialized using 'class org.apache.ibatis.logging.stdout.StdOutImpl' adapter.
Parsed mapper file: 'file [/Users/java/work/my/xx/z-damin/target/classes/mybatis/SystemUserMapper.xml]'
 _ _   |_  _ _|_. ___ _ |    _ 
| | |\/|_)(_| | |_\  |_)||_|_\ 
     /               |         
                        3.5.3.1 
&amp#27;[2m2023-12-14T13:54:11.178+08:00&amp#27;[0;39m &amp#27;[32m INFO&amp#27;[0;39m &amp#27;[35m11504&amp#27;[0;39m &amp#27;[2m---&amp#27;[0;39m &amp#27;[2m[           main]&amp#27;[0;39m &amp#27;[36mo.s.s.web.DefaultSecurityFilterChain    &amp#27;[0;39m &amp#27;[2m:&amp#27;[0;39m Will secure any request with [org.springframework.security.web.session.DisableEncodeUrlFilter@642c6461, org.springframework.security.web.context.request.async.WebAsyncManagerIntegrationFilter@3ace6346, org.springframework.security.web.context.SecurityContextHolderFilter@716f94c1, org.springframework.security.web.header.HeaderWriterFilter@760f1081, org.springframework.web.filter.CorsFilter@4e48462d, org.springframework.security.web.authentication.logout.LogoutFilter@9263c54, com.z.admin.filter.LoginFilter@17216605, org.springframework.security.web.savedrequest.RequestCacheAwareFilter@70091872, org.springframework.security.web.servletapi.SecurityContextHolderAwareRequestFilter@167a21b, org.springframework.security.web.authentication.AnonymousAuthenticationFilter@10a907ec, org.springframework.security.web.session.SessionManagementFilter@61a87366, org.springframework.security.web.access.ExceptionTranslationFilter@7f2b39a, org.springframework.security.web.access.intercept.AuthorizationFilter@7ac48f05]
&amp#27;[2m2023-12-14T13:54:11.629+08:00&amp#27;[0;39m &amp#27;[32m INFO&amp#27;[0;39m &amp#27;[35m11504&amp#27;[0;39m &amp#27;[2m---&amp#27;[0;39m &amp#27;[2m[           main]&amp#27;[0;39m &amp#27;[36mcom.z.admin.ZAdminApplicationTests      &amp#27;[0;39m &amp#27;[2m:&amp#27;[0;39m Started ZAdminApplicationTests in 7.185 seconds (process running for 7.983)
]]></system-out>
    <system-err><![CDATA[WARNING: A Java agent has been loaded dynamically (/Users/java/work/Repository/net/bytebuddy/byte-buddy-agent/1.14.4/byte-buddy-agent-1.14.4.jar)
WARNING: If a serviceability tool is in use, please run with -XX:+EnableDynamicAgentLoading to hide this warning
WARNING: If a serviceability tool is not in use, please run with -Djdk.instrument.traceUsage for more information
WARNING: Dynamic loading of agents will be disallowed by default in a future release
]]></system-err>
  </testcase>
</testsuite>